<?xml version="1.0" encoding="UTF-8"?>
<testng-results skipped="0" failed="0" ignored="0" total="1" passed="1">
  <reporter-output>
  </reporter-output>
  <suite name="Default suite" duration-ms="35" started-at="2019-05-11T22:17:47Z" finished-at="2019-05-11T22:17:47Z">
    <groups>
    </groups>
    <test name="Default test" duration-ms="35" started-at="2019-05-11T22:17:47Z" finished-at="2019-05-11T22:17:47Z">
      <class name="com.crm.qa.tests.temptest">
        <test-method status="PASS" signature="beforeMethod()[pri:0, instance:com.crm.qa.tests.temptest@4b9e13df]" name="beforeMethod" is-config="true" duration-ms="9" started-at="2019-05-11T15:17:47Z" finished-at="2019-05-11T15:17:47Z">
          <reporter-output>
          </reporter-output>
        </test-method> <!-- beforeMethod -->
        <test-method status="PASS" signature="testInfo()[pri:0, instance:com.crm.qa.tests.temptest@4b9e13df]" name="testInfo" duration-ms="8" started-at="2019-05-11T15:17:47Z" finished-at="2019-05-11T15:17:47Z">
          <reporter-output>
          </reporter-output>
        </test-method> <!-- testInfo -->
        <test-method status="PASS" signature="afterMethod()[pri:0, instance:com.crm.qa.tests.temptest@4b9e13df]" name="afterMethod" is-config="true" duration-ms="0" started-at="2019-05-11T15:17:47Z" finished-at="2019-05-11T15:17:47Z">
          <reporter-output>
          </reporter-output>
        </test-method> <!-- afterMethod -->
      </class> <!-- com.crm.qa.tests.temptest -->
    </test> <!-- Default test -->
  </suite> <!-- Default suite -->
</testng-results>
